2023-05-30 15:06:22 INFO  ChatServer:21 - Server is running
2023-05-30 15:06:42 INFO  ChatServer:26 - New client accepted
2023-05-30 15:07:41 INFO  ChatServer:21 - Server is running
2023-05-30 15:07:50 INFO  ChatServer:26 - New client accepted
2023-05-30 15:08:43 INFO  ChatServer:26 - New client accepted
2023-05-30 15:09:37 INFO  ChatServer:21 - Server is running
2023-05-30 15:09:45 INFO  ChatServer:26 - New client accepted
2023-05-30 15:09:45 INFO  ChatServer:34 - user was connected
2023-05-30 21:57:10 INFO  ChatServer:21 - Server is running
2023-05-30 21:57:16 INFO  ChatServer:26 - New client accepted
2023-05-30 21:57:16 INFO  ChatServer:34 - user was connected
2023-05-30 21:57:53 INFO  ChatServer:26 - New client accepted
2023-05-30 21:57:53 INFO  ChatServer:34 - user was connected
2023-05-30 22:00:27 INFO  ChatServer:26 - New client accepted
2023-05-30 22:00:27 INFO  ChatServer:34 - osipover was connected
2023-05-30 22:07:59 INFO  ChatServer:21 - Server is running
2023-05-30 22:10:14 INFO  ChatServer:26 - New client accepted
2023-05-30 22:10:14 INFO  ChatServer:34 - user was connected
2023-05-30 22:11:25 INFO  ChatServer:26 - New client accepted
2023-05-30 22:11:26 INFO  ChatServer:34 - user was connected
2023-05-30 22:12:32 INFO  ChatServer:26 - New client accepted
2023-05-30 22:12:32 INFO  ChatServer:34 - user was connected
2023-05-30 22:12:52 INFO  ChatServer:26 - New client accepted
2023-05-30 22:12:52 INFO  ChatServer:34 - user was connected
2023-05-30 22:20:26 INFO  ChatServer:26 - New client accepted
2023-05-30 22:20:26 INFO  ChatServer:34 - user was connected
2023-05-30 22:21:03 INFO  ChatServer:26 - New client accepted
2023-05-30 22:21:03 INFO  ChatServer:34 - user was connected
2023-05-30 22:38:00 INFO  ChatServer:26 - New client accepted
2023-05-30 22:53:33 INFO  ChatServer:22 - Server is running
2023-05-30 22:53:47 INFO  ChatServer:27 - New client accepted
2023-05-30 22:53:47 INFO  ChatServer:35 - osipover was connected
2023-05-30 22:53:59 INFO  ChatServer:27 - New client accepted
2023-05-30 22:53:59 INFO  ChatServer:35 - aboba was connected
2023-05-30 22:57:41 INFO  ChatServer:27 - New client accepted
2023-05-30 22:57:41 INFO  ChatServer:35 - user was connected
2023-05-30 22:57:51 INFO  ChatServer:27 - New client accepted
2023-05-30 22:57:51 INFO  ChatServer:35 - aboba was connected
2023-05-30 23:08:14 INFO  ChatServer:27 - New client accepted
2023-05-30 23:08:14 INFO  ChatServer:35 - user was connected
2023-05-30 23:19:49 INFO  ChatServer:27 - New client accepted
2023-05-30 23:19:49 INFO  ChatServer:35 - user was connected
2023-05-30 23:19:59 INFO  ChatServer:27 - New client accepted
2023-05-30 23:19:59 INFO  ChatServer:35 - вава was connected
2023-05-30 23:57:58 INFO  ChatServer:24 - Server is running
2023-05-30 23:58:17 INFO  ChatServer:29 - New client accepted
2023-05-30 23:58:17 INFO  ChatServer:37 - osipover was connected
2023-05-30 23:58:42 INFO  ChatServer:29 - New client accepted
2023-05-30 23:58:42 INFO  ChatServer:37 - user was connected
2023-05-30 23:59:41 INFO  ChatServer:24 - Server is running
2023-05-30 23:59:53 INFO  ChatServer:29 - New client accepted
2023-05-30 23:59:53 INFO  ChatServer:37 - user was connected
2023-05-31 00:00:08 INFO  ChatServer:29 - New client accepted
2023-05-31 00:00:08 INFO  ChatServer:37 - ц was connected
2023-05-31 00:25:15 INFO  ChatServer:24 - Server is running
2023-05-31 00:26:59 INFO  ChatServer:24 - Server is running
2023-05-31 00:27:19 INFO  ChatServer:24 - Server is running
2023-05-31 00:27:26 INFO  ChatServer:34 - New client accepted
2023-05-31 00:27:26 INFO  ChatServer:42 - user was connected
2023-05-31 00:28:06 INFO  ChatServer:34 - New client accepted
2023-05-31 00:28:06 INFO  ChatServer:42 - user was connected
2023-05-31 00:28:24 INFO  ChatServer:34 - New client accepted
2023-05-31 00:28:24 INFO  ChatServer:42 - user was connected
2023-05-31 00:30:35 INFO  ChatServer:34 - New client accepted
2023-05-31 00:30:35 INFO  ChatServer:42 - user was connected
